2018-12-07 15:11:41,879 [Worker-0] INFO  c.g.t.t.d.PublishedGradleVersions - Gradle version information cache is up-to-date. Trying to read.
2018-12-07 20:14:21,269 [Worker-2] INFO  c.g.t.t.d.PublishedGradleVersions - Gradle version information cache is up-to-date. Trying to read.
2018-12-08 13:42:38,546 [Worker-6] INFO  c.g.t.t.d.PublishedGradleVersions - Gradle version information cache is out-of-date. Trying to update.
2018-12-08 19:50:23,973 [Worker-122] INFO  o.e.m.c.i.p.ProjectConfigurationManager - Collecting project info '/pom.xml' C:\Users\Kamilka\Desktop\DistributedSystemProject\DSProject\dsProject\rest\pom.xml
2018-12-08 19:50:30,135 [Worker-122] INFO  o.e.m.c.i.l.LifecycleMappingFactory - Using org.maven.ide.eclipse.wtp.WarLifecycleMapping lifecycle mapping for MavenProject: ie.gmit.ds:rest:0.0.1-SNAPSHOT @ C:\Users\Kamilka\Desktop\DistributedSystemProject\DSProject\dsProject\rest\pom.xml.
2018-12-08 19:50:34,602 [Worker-122] INFO  o.e.m.j.i.AbstractJavaProjectConfigurator - Adding source folder /rest/src/main/java
2018-12-08 19:50:34,603 [Worker-122] INFO  o.e.m.j.i.AbstractJavaProjectConfigurator - Adding resource folder /rest/src/main/resources
2018-12-08 19:50:34,617 [Worker-122] INFO  o.e.m.j.i.AbstractJavaProjectConfigurator - Adding source folder /rest/src/test/java
2018-12-08 19:50:40,230 [Worker-122] INFO  o.e.m.c.i.p.ProjectConfigurationManager - Imported and configured 1 project(s) in 16 sec
2018-12-08 19:50:41,638 [Worker-124] INFO  o.e.m.c.i.embedder.EclipseLogger - Using 'UTF-8' encoding to copy filtered resources.
2018-12-08 19:50:41,649 [Worker-124] INFO  o.e.m.c.i.embedder.EclipseLogger - Copying 0 resource
2018-12-08 19:50:41,665 [Worker-124] INFO  o.e.m.c.i.embedder.EclipseLogger - Using 'UTF-8' encoding to copy filtered resources.
2018-12-08 19:50:41,665 [Worker-124] INFO  o.e.m.c.i.embedder.EclipseLogger - skip non existing resourceDirectory C:\Users\Kamilka\Desktop\DistributedSystemProject\DSProject\dsProject\rest\src\test\resources
2018-12-08 19:53:08,530 [Worker-112] INFO  o.e.m.c.i.embedder.EclipseLogger - Using 'UTF-8' encoding to copy filtered resources.
2018-12-08 19:53:08,540 [Worker-112] INFO  o.e.m.c.i.embedder.EclipseLogger - Copying 0 resource
2018-12-08 19:53:08,542 [Worker-112] INFO  o.e.m.c.i.embedder.EclipseLogger - Using 'UTF-8' encoding to copy filtered resources.
2018-12-08 19:53:08,542 [Worker-112] INFO  o.e.m.c.i.embedder.EclipseLogger - skip non existing resourceDirectory C:\Users\Kamilka\Desktop\DistributedSystemProject\DSProject\dsProject\rest\src\test\resources
2018-12-08 19:53:10,628 [Worker-126] INFO  o.e.m.c.i.embedder.EclipseLogger - Using 'UTF-8' encoding to copy filtered resources.
2018-12-08 19:53:10,629 [Worker-126] INFO  o.e.m.c.i.embedder.EclipseLogger - Copying 0 resource
2018-12-08 19:53:10,630 [Worker-126] INFO  o.e.m.c.i.embedder.EclipseLogger - Using 'UTF-8' encoding to copy filtered resources.
2018-12-08 19:53:10,630 [Worker-126] INFO  o.e.m.c.i.embedder.EclipseLogger - skip non existing resourceDirectory C:\Users\Kamilka\Desktop\DistributedSystemProject\DSProject\dsProject\rest\src\test\resources
2018-12-08 19:54:16,828 [Worker-125] INFO  o.e.m.c.i.embedder.EclipseLogger - Using 'UTF-8' encoding to copy filtered resources.
2018-12-08 19:54:16,830 [Worker-125] INFO  o.e.m.c.i.embedder.EclipseLogger - Copying 0 resource
2018-12-08 19:54:16,834 [Worker-125] INFO  o.e.m.c.i.embedder.EclipseLogger - Using 'UTF-8' encoding to copy filtered resources.
2018-12-08 19:54:16,836 [Worker-125] INFO  o.e.m.c.i.embedder.EclipseLogger - skip non existing resourceDirectory C:\Users\Kamilka\Desktop\DistributedSystemProject\DSProject\dsProject\rest\src\test\resources
2018-12-08 19:54:22,547 [Worker-130] INFO  o.e.m.c.i.embedder.EclipseLogger - Using 'UTF-8' encoding to copy filtered resources.
2018-12-08 19:54:22,549 [Worker-130] INFO  o.e.m.c.i.embedder.EclipseLogger - Copying 0 resource
2018-12-08 19:54:22,552 [Worker-130] INFO  o.e.m.c.i.embedder.EclipseLogger - Using 'UTF-8' encoding to copy filtered resources.
2018-12-08 19:54:22,554 [Worker-130] INFO  o.e.m.c.i.embedder.EclipseLogger - skip non existing resourceDirectory C:\Users\Kamilka\Desktop\DistributedSystemProject\DSProject\dsProject\rest\src\test\resources
2018-12-08 19:54:30,542 [Worker-126] INFO  o.e.m.c.i.embedder.EclipseLogger - Using 'UTF-8' encoding to copy filtered resources.
2018-12-08 19:54:30,544 [Worker-126] INFO  o.e.m.c.i.embedder.EclipseLogger - Copying 0 resource
2018-12-08 19:54:30,546 [Worker-126] INFO  o.e.m.c.i.embedder.EclipseLogger - Using 'UTF-8' encoding to copy filtered resources.
2018-12-08 19:54:30,547 [Worker-126] INFO  o.e.m.c.i.embedder.EclipseLogger - skip non existing resourceDirectory C:\Users\Kamilka\Desktop\DistributedSystemProject\DSProject\dsProject\rest\src\test\resources
2018-12-08 19:55:26,076 [Worker-126] INFO  o.e.m.c.i.embedder.EclipseLogger - Using 'UTF-8' encoding to copy filtered resources.
2018-12-08 19:55:26,127 [Worker-126] INFO  o.e.m.c.i.embedder.EclipseLogger - Copying 0 resource
2018-12-08 19:55:26,139 [Worker-126] INFO  o.e.m.c.i.embedder.EclipseLogger - Using 'UTF-8' encoding to copy filtered resources.
2018-12-08 19:55:26,141 [Worker-126] INFO  o.e.m.c.i.embedder.EclipseLogger - skip non existing resourceDirectory C:\Users\Kamilka\Desktop\DistributedSystemProject\DSProject\dsProject\rest\src\test\resources
2018-12-08 19:55:42,802 [Worker-133] INFO  o.e.m.c.i.embedder.EclipseLogger - Using 'UTF-8' encoding to copy filtered resources.
2018-12-08 19:55:42,805 [Worker-133] INFO  o.e.m.c.i.embedder.EclipseLogger - Copying 0 resource
2018-12-08 19:55:42,810 [Worker-133] INFO  o.e.m.c.i.embedder.EclipseLogger - Using 'UTF-8' encoding to copy filtered resources.
2018-12-08 19:55:42,812 [Worker-133] INFO  o.e.m.c.i.embedder.EclipseLogger - skip non existing resourceDirectory C:\Users\Kamilka\Desktop\DistributedSystemProject\DSProject\dsProject\rest\src\test\resources
2018-12-08 19:56:09,645 [Worker-130] INFO  o.e.m.c.i.embedder.EclipseLogger - Using 'UTF-8' encoding to copy filtered resources.
2018-12-08 19:56:09,648 [Worker-130] INFO  o.e.m.c.i.embedder.EclipseLogger - Copying 0 resource
2018-12-08 19:56:09,651 [Worker-130] INFO  o.e.m.c.i.embedder.EclipseLogger - Using 'UTF-8' encoding to copy filtered resources.
2018-12-08 19:56:09,653 [Worker-130] INFO  o.e.m.c.i.embedder.EclipseLogger - skip non existing resourceDirectory C:\Users\Kamilka\Desktop\DistributedSystemProject\DSProject\dsProject\rest\src\test\resources
2018-12-08 19:56:47,362 [Worker-132] INFO  o.e.m.c.i.embedder.EclipseLogger - Using 'UTF-8' encoding to copy filtered resources.
2018-12-08 19:56:47,364 [Worker-132] INFO  o.e.m.c.i.embedder.EclipseLogger - Copying 0 resource
2018-12-08 19:56:47,366 [Worker-132] INFO  o.e.m.c.i.embedder.EclipseLogger - Using 'UTF-8' encoding to copy filtered resources.
2018-12-08 19:56:47,368 [Worker-132] INFO  o.e.m.c.i.embedder.EclipseLogger - skip non existing resourceDirectory C:\Users\Kamilka\Desktop\DistributedSystemProject\DSProject\dsProject\rest\src\test\resources
2018-12-08 20:00:12,293 [Worker-132] INFO  o.e.m.c.i.embedder.EclipseLogger - Using 'UTF-8' encoding to copy filtered resources.
2018-12-08 20:00:12,297 [Worker-132] INFO  o.e.m.c.i.embedder.EclipseLogger - Copying 0 resource
2018-12-08 20:00:12,303 [Worker-132] INFO  o.e.m.c.i.embedder.EclipseLogger - Using 'UTF-8' encoding to copy filtered resources.
2018-12-08 20:00:12,305 [Worker-132] INFO  o.e.m.c.i.embedder.EclipseLogger - skip non existing resourceDirectory C:\Users\Kamilka\Desktop\DistributedSystemProject\DSProject\dsProject\rest\src\test\resources
2018-12-08 20:03:12,633 [Worker-130] INFO  o.e.m.c.i.embedder.EclipseLogger - Using 'UTF-8' encoding to copy filtered resources.
2018-12-08 20:03:12,652 [Worker-130] INFO  o.e.m.c.i.embedder.EclipseLogger - Copying 0 resource
2018-12-08 20:03:12,655 [Worker-130] INFO  o.e.m.c.i.embedder.EclipseLogger - Using 'UTF-8' encoding to copy filtered resources.
2018-12-08 20:03:12,657 [Worker-130] INFO  o.e.m.c.i.embedder.EclipseLogger - skip non existing resourceDirectory C:\Users\Kamilka\Desktop\DistributedSystemProject\DSProject\dsProject\rest\src\test\resources
2018-12-08 20:03:26,490 [Worker-137] INFO  o.e.m.c.i.embedder.EclipseLogger - Using 'UTF-8' encoding to copy filtered resources.
2018-12-08 20:03:26,492 [Worker-137] INFO  o.e.m.c.i.embedder.EclipseLogger - Copying 0 resource
2018-12-08 20:03:26,497 [Worker-137] INFO  o.e.m.c.i.embedder.EclipseLogger - Using 'UTF-8' encoding to copy filtered resources.
2018-12-08 20:03:26,499 [Worker-137] INFO  o.e.m.c.i.embedder.EclipseLogger - skip non existing resourceDirectory C:\Users\Kamilka\Desktop\DistributedSystemProject\DSProject\dsProject\rest\src\test\resources
2018-12-08 20:03:38,635 [Worker-135] INFO  o.e.m.c.i.embedder.EclipseLogger - Using 'UTF-8' encoding to copy filtered resources.
2018-12-08 20:03:38,637 [Worker-135] INFO  o.e.m.c.i.embedder.EclipseLogger - Copying 0 resource
2018-12-08 20:03:38,639 [Worker-135] INFO  o.e.m.c.i.embedder.EclipseLogger - Using 'UTF-8' encoding to copy filtered resources.
2018-12-08 20:03:38,640 [Worker-135] INFO  o.e.m.c.i.embedder.EclipseLogger - skip non existing resourceDirectory C:\Users\Kamilka\Desktop\DistributedSystemProject\DSProject\dsProject\rest\src\test\resources
2018-12-08 20:03:54,115 [Worker-132] INFO  o.e.m.c.i.embedder.EclipseLogger - Using 'UTF-8' encoding to copy filtered resources.
2018-12-08 20:03:54,118 [Worker-132] INFO  o.e.m.c.i.embedder.EclipseLogger - Copying 0 resource
2018-12-08 20:03:54,120 [Worker-132] INFO  o.e.m.c.i.embedder.EclipseLogger - Using 'UTF-8' encoding to copy filtered resources.
2018-12-08 20:03:54,122 [Worker-132] INFO  o.e.m.c.i.embedder.EclipseLogger - skip non existing resourceDirectory C:\Users\Kamilka\Desktop\DistributedSystemProject\DSProject\dsProject\rest\src\test\resources
2018-12-08 20:04:05,844 [Worker-129] INFO  o.e.m.c.i.embedder.EclipseLogger - Using 'UTF-8' encoding to copy filtered resources.
2018-12-08 20:04:05,845 [Worker-129] INFO  o.e.m.c.i.embedder.EclipseLogger - Copying 0 resource
2018-12-08 20:04:05,852 [Worker-129] INFO  o.e.m.c.i.embedder.EclipseLogger - Using 'UTF-8' encoding to copy filtered resources.
2018-12-08 20:04:05,856 [Worker-129] INFO  o.e.m.c.i.embedder.EclipseLogger - skip non existing resourceDirectory C:\Users\Kamilka\Desktop\DistributedSystemProject\DSProject\dsProject\rest\src\test\resources
2018-12-08 20:04:32,881 [Worker-132] INFO  o.e.m.c.i.embedder.EclipseLogger - Using 'UTF-8' encoding to copy filtered resources.
2018-12-08 20:04:32,883 [Worker-132] INFO  o.e.m.c.i.embedder.EclipseLogger - Copying 0 resource
2018-12-08 20:04:32,887 [Worker-132] INFO  o.e.m.c.i.embedder.EclipseLogger - Using 'UTF-8' encoding to copy filtered resources.
2018-12-08 20:04:32,889 [Worker-132] INFO  o.e.m.c.i.embedder.EclipseLogger - skip non existing resourceDirectory C:\Users\Kamilka\Desktop\DistributedSystemProject\DSProject\dsProject\rest\src\test\resources
2018-12-08 20:05:37,855 [Worker-138] INFO  o.e.m.c.i.embedder.EclipseLogger - Using 'UTF-8' encoding to copy filtered resources.
2018-12-08 20:05:37,860 [Worker-138] INFO  o.e.m.c.i.embedder.EclipseLogger - Copying 0 resource
2018-12-08 20:05:37,866 [Worker-138] INFO  o.e.m.c.i.embedder.EclipseLogger - Using 'UTF-8' encoding to copy filtered resources.
2018-12-08 20:05:37,870 [Worker-138] INFO  o.e.m.c.i.embedder.EclipseLogger - skip non existing resourceDirectory C:\Users\Kamilka\Desktop\DistributedSystemProject\DSProject\dsProject\rest\src\test\resources
2018-12-08 20:05:41,251 [Worker-138] INFO  o.e.m.c.i.embedder.EclipseLogger - Using 'UTF-8' encoding to copy filtered resources.
2018-12-08 20:05:41,258 [Worker-138] INFO  o.e.m.c.i.embedder.EclipseLogger - Copying 0 resource
2018-12-08 20:05:41,260 [Worker-138] INFO  o.e.m.c.i.embedder.EclipseLogger - Using 'UTF-8' encoding to copy filtered resources.
2018-12-08 20:05:41,262 [Worker-138] INFO  o.e.m.c.i.embedder.EclipseLogger - skip non existing resourceDirectory C:\Users\Kamilka\Desktop\DistributedSystemProject\DSProject\dsProject\rest\src\test\resources
2018-12-08 20:05:50,751 [Worker-135] INFO  o.e.m.c.i.embedder.EclipseLogger - Using 'UTF-8' encoding to copy filtered resources.
2018-12-08 20:05:50,801 [Worker-135] INFO  o.e.m.c.i.embedder.EclipseLogger - Copying 0 resource
2018-12-08 20:05:50,826 [Worker-135] INFO  o.e.m.c.i.embedder.EclipseLogger - Using 'UTF-8' encoding to copy filtered resources.
2018-12-08 20:05:50,832 [Worker-135] INFO  o.e.m.c.i.embedder.EclipseLogger - skip non existing resourceDirectory C:\Users\Kamilka\Desktop\DistributedSystemProject\DSProject\dsProject\rest\src\test\resources
2018-12-08 20:06:04,025 [Worker-136] INFO  o.e.m.c.i.embedder.EclipseLogger - Using 'UTF-8' encoding to copy filtered resources.
2018-12-08 20:06:04,027 [Worker-136] INFO  o.e.m.c.i.embedder.EclipseLogger - Copying 0 resource
2018-12-08 20:06:04,029 [Worker-136] INFO  o.e.m.c.i.embedder.EclipseLogger - Using 'UTF-8' encoding to copy filtered resources.
2018-12-08 20:06:04,030 [Worker-136] INFO  o.e.m.c.i.embedder.EclipseLogger - skip non existing resourceDirectory C:\Users\Kamilka\Desktop\DistributedSystemProject\DSProject\dsProject\rest\src\test\resources
2018-12-08 20:06:17,502 [Worker-135] INFO  o.e.m.c.i.embedder.EclipseLogger - Using 'UTF-8' encoding to copy filtered resources.
2018-12-08 20:06:17,504 [Worker-135] INFO  o.e.m.c.i.embedder.EclipseLogger - Copying 0 resource
2018-12-08 20:06:17,508 [Worker-135] INFO  o.e.m.c.i.embedder.EclipseLogger - Using 'UTF-8' encoding to copy filtered resources.
2018-12-08 20:06:17,510 [Worker-135] INFO  o.e.m.c.i.embedder.EclipseLogger - skip non existing resourceDirectory C:\Users\Kamilka\Desktop\DistributedSystemProject\DSProject\dsProject\rest\src\test\resources
2018-12-08 20:06:29,082 [Worker-130] INFO  o.e.m.c.i.embedder.EclipseLogger - Using 'UTF-8' encoding to copy filtered resources.
2018-12-08 20:06:29,086 [Worker-130] INFO  o.e.m.c.i.embedder.EclipseLogger - Copying 0 resource
2018-12-08 20:06:29,092 [Worker-130] INFO  o.e.m.c.i.embedder.EclipseLogger - Using 'UTF-8' encoding to copy filtered resources.
2018-12-08 20:06:29,094 [Worker-130] INFO  o.e.m.c.i.embedder.EclipseLogger - skip non existing resourceDirectory C:\Users\Kamilka\Desktop\DistributedSystemProject\DSProject\dsProject\rest\src\test\resources
2018-12-08 20:06:38,842 [Worker-114] INFO  o.e.m.c.i.embedder.EclipseLogger - Using 'UTF-8' encoding to copy filtered resources.
2018-12-08 20:06:38,848 [Worker-114] INFO  o.e.m.c.i.embedder.EclipseLogger - Copying 0 resource
2018-12-08 20:06:38,853 [Worker-114] INFO  o.e.m.c.i.embedder.EclipseLogger - Using 'UTF-8' encoding to copy filtered resources.
2018-12-08 20:06:38,857 [Worker-114] INFO  o.e.m.c.i.embedder.EclipseLogger - skip non existing resourceDirectory C:\Users\Kamilka\Desktop\DistributedSystemProject\DSProject\dsProject\rest\src\test\resources
2018-12-08 20:07:42,690 [Worker-137] INFO  o.e.m.c.i.embedder.EclipseLogger - Using 'UTF-8' encoding to copy filtered resources.
2018-12-08 20:07:42,693 [Worker-137] INFO  o.e.m.c.i.embedder.EclipseLogger - Copying 0 resource
2018-12-08 20:07:42,696 [Worker-137] INFO  o.e.m.c.i.embedder.EclipseLogger - Using 'UTF-8' encoding to copy filtered resources.
2018-12-08 20:07:42,701 [Worker-137] INFO  o.e.m.c.i.embedder.EclipseLogger - skip non existing resourceDirectory C:\Users\Kamilka\Desktop\DistributedSystemProject\DSProject\dsProject\rest\src\test\resources
2018-12-08 20:07:47,395 [Worker-112] INFO  o.e.m.c.i.embedder.EclipseLogger - Using 'UTF-8' encoding to copy filtered resources.
2018-12-08 20:07:47,399 [Worker-112] INFO  o.e.m.c.i.embedder.EclipseLogger - Copying 0 resource
2018-12-08 20:07:47,402 [Worker-112] INFO  o.e.m.c.i.embedder.EclipseLogger - Using 'UTF-8' encoding to copy filtered resources.
2018-12-08 20:07:47,404 [Worker-112] INFO  o.e.m.c.i.embedder.EclipseLogger - skip non existing resourceDirectory C:\Users\Kamilka\Desktop\DistributedSystemProject\DSProject\dsProject\rest\src\test\resources
2018-12-08 20:08:09,573 [Worker-139] INFO  o.e.m.c.i.embedder.EclipseLogger - Using 'UTF-8' encoding to copy filtered resources.
2018-12-08 20:08:09,576 [Worker-139] INFO  o.e.m.c.i.embedder.EclipseLogger - Copying 0 resource
2018-12-08 20:08:09,578 [Worker-139] INFO  o.e.m.c.i.embedder.EclipseLogger - Using 'UTF-8' encoding to copy filtered resources.
2018-12-08 20:08:09,582 [Worker-139] INFO  o.e.m.c.i.embedder.EclipseLogger - skip non existing resourceDirectory C:\Users\Kamilka\Desktop\DistributedSystemProject\DSProject\dsProject\rest\src\test\resources
2018-12-08 20:08:28,162 [Worker-136] INFO  o.e.m.c.i.embedder.EclipseLogger - Using 'UTF-8' encoding to copy filtered resources.
2018-12-08 20:08:28,164 [Worker-136] INFO  o.e.m.c.i.embedder.EclipseLogger - Copying 0 resource
2018-12-08 20:08:28,167 [Worker-136] INFO  o.e.m.c.i.embedder.EclipseLogger - Using 'UTF-8' encoding to copy filtered resources.
2018-12-08 20:08:28,168 [Worker-136] INFO  o.e.m.c.i.embedder.EclipseLogger - skip non existing resourceDirectory C:\Users\Kamilka\Desktop\DistributedSystemProject\DSProject\dsProject\rest\src\test\resources
2018-12-08 20:09:40,088 [Worker-130] INFO  o.e.m.c.i.embedder.EclipseLogger - Using 'UTF-8' encoding to copy filtered resources.
2018-12-08 20:09:40,090 [Worker-130] INFO  o.e.m.c.i.embedder.EclipseLogger - Copying 0 resource
2018-12-08 20:09:40,091 [Worker-130] INFO  o.e.m.c.i.embedder.EclipseLogger - Using 'UTF-8' encoding to copy filtered resources.
2018-12-08 20:09:40,092 [Worker-130] INFO  o.e.m.c.i.embedder.EclipseLogger - skip non existing resourceDirectory C:\Users\Kamilka\Desktop\DistributedSystemProject\DSProject\dsProject\rest\src\test\resources
2018-12-08 20:09:42,946 [Worker-137] INFO  o.e.m.c.i.embedder.EclipseLogger - Using 'UTF-8' encoding to copy filtered resources.
2018-12-08 20:09:42,948 [Worker-137] INFO  o.e.m.c.i.embedder.EclipseLogger - Copying 0 resource
2018-12-08 20:09:42,950 [Worker-137] INFO  o.e.m.c.i.embedder.EclipseLogger - Using 'UTF-8' encoding to copy filtered resources.
2018-12-08 20:09:42,951 [Worker-137] INFO  o.e.m.c.i.embedder.EclipseLogger - skip non existing resourceDirectory C:\Users\Kamilka\Desktop\DistributedSystemProject\DSProject\dsProject\rest\src\test\resources
2018-12-08 20:11:27,408 [Worker-130] INFO  o.e.m.c.i.embedder.EclipseLogger - Using 'UTF-8' encoding to copy filtered resources.
2018-12-08 20:11:27,446 [Worker-130] INFO  o.e.m.c.i.embedder.EclipseLogger - Copying 0 resource
2018-12-08 20:11:27,450 [Worker-130] INFO  o.e.m.c.i.embedder.EclipseLogger - Using 'UTF-8' encoding to copy filtered resources.
2018-12-08 20:11:27,454 [Worker-130] INFO  o.e.m.c.i.embedder.EclipseLogger - skip non existing resourceDirectory C:\Users\Kamilka\Desktop\DistributedSystemProject\DSProject\dsProject\rest\src\test\resources
2018-12-08 20:11:32,028 [Worker-114] INFO  o.e.m.c.i.embedder.EclipseLogger - Using 'UTF-8' encoding to copy filtered resources.
2018-12-08 20:11:32,048 [Worker-114] INFO  o.e.m.c.i.embedder.EclipseLogger - Copying 0 resource
2018-12-08 20:11:32,055 [Worker-114] INFO  o.e.m.c.i.embedder.EclipseLogger - Using 'UTF-8' encoding to copy filtered resources.
2018-12-08 20:11:32,062 [Worker-114] INFO  o.e.m.c.i.embedder.EclipseLogger - skip non existing resourceDirectory C:\Users\Kamilka\Desktop\DistributedSystemProject\DSProject\dsProject\rest\src\test\resources
2018-12-08 20:11:34,990 [Worker-138] INFO  o.e.m.c.i.embedder.EclipseLogger - Using 'UTF-8' encoding to copy filtered resources.
2018-12-08 20:11:34,998 [Worker-138] INFO  o.e.m.c.i.embedder.EclipseLogger - Copying 0 resource
2018-12-08 20:11:35,004 [Worker-138] INFO  o.e.m.c.i.embedder.EclipseLogger - Using 'UTF-8' encoding to copy filtered resources.
2018-12-08 20:11:35,009 [Worker-138] INFO  o.e.m.c.i.embedder.EclipseLogger - skip non existing resourceDirectory C:\Users\Kamilka\Desktop\DistributedSystemProject\DSProject\dsProject\rest\src\test\resources
2018-12-08 20:11:37,229 [Worker-112] INFO  o.e.m.c.i.embedder.EclipseLogger - Using 'UTF-8' encoding to copy filtered resources.
2018-12-08 20:11:37,286 [Worker-112] INFO  o.e.m.c.i.embedder.EclipseLogger - Copying 0 resource
2018-12-08 20:11:37,289 [Worker-112] INFO  o.e.m.c.i.embedder.EclipseLogger - Using 'UTF-8' encoding to copy filtered resources.
2018-12-08 20:11:37,291 [Worker-112] INFO  o.e.m.c.i.embedder.EclipseLogger - skip non existing resourceDirectory C:\Users\Kamilka\Desktop\DistributedSystemProject\DSProject\dsProject\rest\src\test\resources
2018-12-08 20:11:42,804 [Worker-114] INFO  o.e.m.c.i.embedder.EclipseLogger - Using 'UTF-8' encoding to copy filtered resources.
2018-12-08 20:11:42,807 [Worker-114] INFO  o.e.m.c.i.embedder.EclipseLogger - Copying 0 resource
2018-12-08 20:11:42,810 [Worker-114] INFO  o.e.m.c.i.embedder.EclipseLogger - Using 'UTF-8' encoding to copy filtered resources.
2018-12-08 20:11:42,812 [Worker-114] INFO  o.e.m.c.i.embedder.EclipseLogger - skip non existing resourceDirectory C:\Users\Kamilka\Desktop\DistributedSystemProject\DSProject\dsProject\rest\src\test\resources
2018-12-08 20:16:32,536 [Worker-140] INFO  o.e.m.c.i.embedder.EclipseLogger - Using 'UTF-8' encoding to copy filtered resources.
2018-12-08 20:16:32,538 [Worker-140] INFO  o.e.m.c.i.embedder.EclipseLogger - Copying 0 resource
2018-12-08 20:16:32,541 [Worker-140] INFO  o.e.m.c.i.embedder.EclipseLogger - Using 'UTF-8' encoding to copy filtered resources.
2018-12-08 20:16:32,543 [Worker-140] INFO  o.e.m.c.i.embedder.EclipseLogger - skip non existing resourceDirectory C:\Users\Kamilka\Desktop\DistributedSystemProject\DSProject\dsProject\rest\src\test\resources
2018-12-08 20:16:44,970 [Worker-135] INFO  o.e.m.c.i.embedder.EclipseLogger - Using 'UTF-8' encoding to copy filtered resources.
2018-12-08 20:16:44,971 [Worker-135] INFO  o.e.m.c.i.embedder.EclipseLogger - Copying 0 resource
2018-12-08 20:16:44,973 [Worker-135] INFO  o.e.m.c.i.embedder.EclipseLogger - Using 'UTF-8' encoding to copy filtered resources.
2018-12-08 20:16:44,974 [Worker-135] INFO  o.e.m.c.i.embedder.EclipseLogger - skip non existing resourceDirectory C:\Users\Kamilka\Desktop\DistributedSystemProject\DSProject\dsProject\rest\src\test\resources
2018-12-08 20:21:09,196 [Worker-142] INFO  o.e.m.c.i.embedder.EclipseLogger - Using 'UTF-8' encoding to copy filtered resources.
2018-12-08 20:21:09,198 [Worker-142] INFO  o.e.m.c.i.embedder.EclipseLogger - Copying 0 resource
2018-12-08 20:21:09,200 [Worker-142] INFO  o.e.m.c.i.embedder.EclipseLogger - Using 'UTF-8' encoding to copy filtered resources.
2018-12-08 20:21:09,202 [Worker-142] INFO  o.e.m.c.i.embedder.EclipseLogger - skip non existing resourceDirectory C:\Users\Kamilka\Desktop\DistributedSystemProject\DSProject\dsProject\rest\src\test\resources
2018-12-08 20:21:14,436 [Worker-144] INFO  o.e.m.c.i.embedder.EclipseLogger - Using 'UTF-8' encoding to copy filtered resources.
2018-12-08 20:21:14,439 [Worker-144] INFO  o.e.m.c.i.embedder.EclipseLogger - Copying 0 resource
2018-12-08 20:21:14,442 [Worker-144] INFO  o.e.m.c.i.embedder.EclipseLogger - Using 'UTF-8' encoding to copy filtered resources.
2018-12-08 20:21:14,443 [Worker-144] INFO  o.e.m.c.i.embedder.EclipseLogger - skip non existing resourceDirectory C:\Users\Kamilka\Desktop\DistributedSystemProject\DSProject\dsProject\rest\src\test\resources
2018-12-08 20:28:07,058 [Worker-140] INFO  o.e.m.c.i.embedder.EclipseLogger - Using 'UTF-8' encoding to copy filtered resources.
2018-12-08 20:28:07,059 [Worker-140] INFO  o.e.m.c.i.embedder.EclipseLogger - Copying 0 resource
2018-12-08 20:28:07,062 [Worker-140] INFO  o.e.m.c.i.embedder.EclipseLogger - Using 'UTF-8' encoding to copy filtered resources.
2018-12-08 20:28:07,064 [Worker-140] INFO  o.e.m.c.i.embedder.EclipseLogger - skip non existing resourceDirectory C:\Users\Kamilka\Desktop\DistributedSystemProject\DSProject\dsProject\rest\src\test\resources
2018-12-08 20:28:08,092 [Worker-140] INFO  o.e.m.c.i.embedder.EclipseLogger - Using 'UTF-8' encoding to copy filtered resources.
2018-12-08 20:28:08,093 [Worker-140] INFO  o.e.m.c.i.embedder.EclipseLogger - Copying 0 resource
2018-12-08 20:28:08,095 [Worker-140] INFO  o.e.m.c.i.embedder.EclipseLogger - Using 'UTF-8' encoding to copy filtered resources.
2018-12-08 20:28:08,096 [Worker-140] INFO  o.e.m.c.i.embedder.EclipseLogger - skip non existing resourceDirectory C:\Users\Kamilka\Desktop\DistributedSystemProject\DSProject\dsProject\rest\src\test\resources
2018-12-08 20:29:39,118 [Worker-150] INFO  o.e.m.c.i.embedder.EclipseLogger - Using 'UTF-8' encoding to copy filtered resources.
2018-12-08 20:29:39,120 [Worker-150] INFO  o.e.m.c.i.embedder.EclipseLogger - Copying 0 resource
2018-12-08 20:29:39,122 [Worker-150] INFO  o.e.m.c.i.embedder.EclipseLogger - Using 'UTF-8' encoding to copy filtered resources.
2018-12-08 20:29:39,124 [Worker-150] INFO  o.e.m.c.i.embedder.EclipseLogger - skip non existing resourceDirectory C:\Users\Kamilka\Desktop\DistributedSystemProject\DSProject\dsProject\rest\src\test\resources
2018-12-08 20:31:40,664 [Worker-146] INFO  o.e.m.c.i.embedder.EclipseLogger - Using 'UTF-8' encoding to copy filtered resources.
2018-12-08 20:31:40,666 [Worker-146] INFO  o.e.m.c.i.embedder.EclipseLogger - Copying 0 resource
2018-12-08 20:31:40,667 [Worker-146] INFO  o.e.m.c.i.embedder.EclipseLogger - Using 'UTF-8' encoding to copy filtered resources.
2018-12-08 20:31:40,669 [Worker-146] INFO  o.e.m.c.i.embedder.EclipseLogger - skip non existing resourceDirectory C:\Users\Kamilka\Desktop\DistributedSystemProject\DSProject\dsProject\rest\src\test\resources
2018-12-08 20:31:41,685 [Worker-149] INFO  o.e.m.c.i.embedder.EclipseLogger - Using 'UTF-8' encoding to copy filtered resources.
2018-12-08 20:31:41,806 [Worker-149] INFO  o.e.m.c.i.embedder.EclipseLogger - Copying 0 resource
2018-12-08 20:31:41,809 [Worker-149] INFO  o.e.m.c.i.embedder.EclipseLogger - Using 'UTF-8' encoding to copy filtered resources.
2018-12-08 20:31:42,068 [Worker-149] INFO  o.e.m.c.i.embedder.EclipseLogger - skip non existing resourceDirectory C:\Users\Kamilka\Desktop\DistributedSystemProject\DSProject\dsProject\rest\src\test\resources
2018-12-08 20:32:21,277 [Worker-146] INFO  o.e.m.c.i.embedder.EclipseLogger - Using 'UTF-8' encoding to copy filtered resources.
2018-12-08 20:32:21,280 [Worker-146] INFO  o.e.m.c.i.embedder.EclipseLogger - Copying 0 resource
2018-12-08 20:32:21,285 [Worker-146] INFO  o.e.m.c.i.embedder.EclipseLogger - Using 'UTF-8' encoding to copy filtered resources.
2018-12-08 20:32:21,288 [Worker-146] INFO  o.e.m.c.i.embedder.EclipseLogger - skip non existing resourceDirectory C:\Users\Kamilka\Desktop\DistributedSystemProject\DSProject\dsProject\rest\src\test\resources
2018-12-08 20:35:56,337 [Worker-151] INFO  o.e.m.c.i.embedder.EclipseLogger - Using 'UTF-8' encoding to copy filtered resources.
2018-12-08 20:35:56,340 [Worker-151] INFO  o.e.m.c.i.embedder.EclipseLogger - Copying 0 resource
2018-12-08 20:35:56,343 [Worker-151] INFO  o.e.m.c.i.embedder.EclipseLogger - Using 'UTF-8' encoding to copy filtered resources.
2018-12-08 20:35:56,344 [Worker-151] INFO  o.e.m.c.i.embedder.EclipseLogger - skip non existing resourceDirectory C:\Users\Kamilka\Desktop\DistributedSystemProject\DSProject\dsProject\rest\src\test\resources
2018-12-08 20:42:06,229 [Worker-151] INFO  o.e.m.c.i.embedder.EclipseLogger - Using 'UTF-8' encoding to copy filtered resources.
2018-12-08 20:42:06,231 [Worker-151] INFO  o.e.m.c.i.embedder.EclipseLogger - Copying 0 resource
2018-12-08 20:42:06,236 [Worker-151] INFO  o.e.m.c.i.embedder.EclipseLogger - Using 'UTF-8' encoding to copy filtered resources.
2018-12-08 20:42:06,237 [Worker-151] INFO  o.e.m.c.i.embedder.EclipseLogger - skip non existing resourceDirectory C:\Users\Kamilka\Desktop\DistributedSystemProject\DSProject\dsProject\rest\src\test\resources
2018-12-08 20:42:14,046 [Worker-140] INFO  o.e.m.c.i.embedder.EclipseLogger - Using 'UTF-8' encoding to copy filtered resources.
2018-12-08 20:42:14,053 [Worker-140] INFO  o.e.m.c.i.embedder.EclipseLogger - Copying 0 resource
2018-12-08 20:42:14,058 [Worker-140] INFO  o.e.m.c.i.embedder.EclipseLogger - Using 'UTF-8' encoding to copy filtered resources.
2018-12-08 20:42:14,061 [Worker-140] INFO  o.e.m.c.i.embedder.EclipseLogger - skip non existing resourceDirectory C:\Users\Kamilka\Desktop\DistributedSystemProject\DSProject\dsProject\rest\src\test\resources
2018-12-08 20:42:20,840 [Worker-153] INFO  o.e.m.c.i.embedder.EclipseLogger - Using 'UTF-8' encoding to copy filtered resources.
2018-12-08 20:42:20,842 [Worker-153] INFO  o.e.m.c.i.embedder.EclipseLogger - Copying 0 resource
2018-12-08 20:42:20,845 [Worker-153] INFO  o.e.m.c.i.embedder.EclipseLogger - Using 'UTF-8' encoding to copy filtered resources.
2018-12-08 20:42:20,846 [Worker-153] INFO  o.e.m.c.i.embedder.EclipseLogger - skip non existing resourceDirectory C:\Users\Kamilka\Desktop\DistributedSystemProject\DSProject\dsProject\rest\src\test\resources
2018-12-08 20:42:52,629 [Worker-154] INFO  o.e.m.c.i.embedder.EclipseLogger - Using 'UTF-8' encoding to copy filtered resources.
2018-12-08 20:42:52,631 [Worker-154] INFO  o.e.m.c.i.embedder.EclipseLogger - Copying 0 resource
2018-12-08 20:42:52,634 [Worker-154] INFO  o.e.m.c.i.embedder.EclipseLogger - Using 'UTF-8' encoding to copy filtered resources.
2018-12-08 20:42:52,635 [Worker-154] INFO  o.e.m.c.i.embedder.EclipseLogger - skip non existing resourceDirectory C:\Users\Kamilka\Desktop\DistributedSystemProject\DSProject\dsProject\rest\src\test\resources
2018-12-08 20:46:35,099 [Worker-153] INFO  o.e.m.c.i.embedder.EclipseLogger - Using 'UTF-8' encoding to copy filtered resources.
2018-12-08 20:46:35,100 [Worker-153] INFO  o.e.m.c.i.embedder.EclipseLogger - Copying 0 resource
2018-12-08 20:46:35,102 [Worker-153] INFO  o.e.m.c.i.embedder.EclipseLogger - Using 'UTF-8' encoding to copy filtered resources.
2018-12-08 20:46:35,103 [Worker-153] INFO  o.e.m.c.i.embedder.EclipseLogger - skip non existing resourceDirectory C:\Users\Kamilka\Desktop\DistributedSystemProject\DSProject\dsProject\rest\src\test\resources
2018-12-08 20:47:25,418 [Worker-158] INFO  o.e.m.c.i.embedder.EclipseLogger - Using 'UTF-8' encoding to copy filtered resources.
2018-12-08 20:47:25,423 [Worker-158] INFO  o.e.m.c.i.embedder.EclipseLogger - Copying 0 resource
2018-12-08 20:47:25,428 [Worker-158] INFO  o.e.m.c.i.embedder.EclipseLogger - Using 'UTF-8' encoding to copy filtered resources.
2018-12-08 20:47:25,431 [Worker-158] INFO  o.e.m.c.i.embedder.EclipseLogger - skip non existing resourceDirectory C:\Users\Kamilka\Desktop\DistributedSystemProject\DSProject\dsProject\rest\src\test\resources
2018-12-08 20:49:43,406 [Worker-147] INFO  o.e.m.c.i.l.LifecycleMappingFactory - Using org.maven.ide.eclipse.wtp.WarLifecycleMapping lifecycle mapping for MavenProject: ie.gmit.sw:REST_Lab:0.0.1-SNAPSHOT @ C:\Users\Kamilka\Year4\dsLabs\REST_Lab\pom.xml.
2018-12-08 20:49:43,691 [Worker-162] INFO  o.e.m.c.i.l.LifecycleMappingFactory - Using org.maven.ide.eclipse.wtp.WarLifecycleMapping lifecycle mapping for MavenProject: ie.gmit.sw:REST_Lab:0.0.1-SNAPSHOT @ C:\Users\Kamilka\Year4\dsLabs\REST_Lab\pom.xml.
2018-12-08 20:49:45,098 [Worker-162] INFO  o.e.m.c.i.embedder.EclipseLogger - Using 'UTF-8' encoding to copy filtered resources.
2018-12-08 20:49:45,102 [Worker-162] INFO  o.e.m.c.i.embedder.EclipseLogger - Copying 0 resource
2018-12-08 20:49:45,106 [Worker-162] INFO  o.e.m.c.i.embedder.EclipseLogger - Using 'UTF-8' encoding to copy filtered resources.
2018-12-08 20:49:45,109 [Worker-162] INFO  o.e.m.c.i.embedder.EclipseLogger - skip non existing resourceDirectory C:\Users\Kamilka\Year4\dsLabs\REST_Lab\src\test\resources
2018-12-08 20:49:46,068 [Worker-160] INFO  o.e.m.c.i.embedder.EclipseLogger - Using 'UTF-8' encoding to copy filtered resources.
2018-12-08 20:49:46,069 [Worker-160] INFO  o.e.m.c.i.embedder.EclipseLogger - Copying 0 resource
2018-12-08 20:49:46,070 [Worker-160] INFO  o.e.m.c.i.embedder.EclipseLogger - Using 'UTF-8' encoding to copy filtered resources.
2018-12-08 20:49:46,072 [Worker-160] INFO  o.e.m.c.i.embedder.EclipseLogger - skip non existing resourceDirectory C:\Users\Kamilka\Year4\dsLabs\REST_Lab\src\test\resources
2018-12-08 20:49:47,212 [Worker-163] INFO  o.e.m.c.i.l.LifecycleMappingFactory - Using org.maven.ide.eclipse.wtp.WarLifecycleMapping lifecycle mapping for MavenProject: ie.gmit.sw:REST_Lab:0.0.1-SNAPSHOT @ C:\Users\Kamilka\Year4\dsLabs\REST_Lab\pom.xml.
2018-12-08 20:49:48,291 [Worker-163] INFO  o.e.m.c.i.embedder.EclipseLogger - Using 'UTF-8' encoding to copy filtered resources.
2018-12-08 20:49:48,292 [Worker-163] INFO  o.e.m.c.i.embedder.EclipseLogger - Copying 0 resource
2018-12-08 20:49:48,295 [Worker-163] INFO  o.e.m.c.i.embedder.EclipseLogger - Using 'UTF-8' encoding to copy filtered resources.
2018-12-08 20:49:48,295 [Worker-163] INFO  o.e.m.c.i.embedder.EclipseLogger - skip non existing resourceDirectory C:\Users\Kamilka\Year4\dsLabs\REST_Lab\src\test\resources
2018-12-08 20:50:58,503 [Worker-160] INFO  o.e.m.c.i.embedder.EclipseLogger - Using 'UTF-8' encoding to copy filtered resources.
2018-12-08 20:50:58,504 [Worker-160] INFO  o.e.m.c.i.embedder.EclipseLogger - Copying 0 resource
2018-12-08 20:50:58,505 [Worker-160] INFO  o.e.m.c.i.embedder.EclipseLogger - Using 'UTF-8' encoding to copy filtered resources.
2018-12-08 20:50:58,506 [Worker-160] INFO  o.e.m.c.i.embedder.EclipseLogger - skip non existing resourceDirectory C:\Users\Kamilka\Desktop\DistributedSystemProject\DSProject\dsProject\rest\src\test\resources
2018-12-08 20:52:14,636 [Worker-153] INFO  o.e.m.c.i.embedder.EclipseLogger - Using 'UTF-8' encoding to copy filtered resources.
2018-12-08 20:52:14,637 [Worker-153] INFO  o.e.m.c.i.embedder.EclipseLogger - Copying 0 resource
2018-12-08 20:52:14,639 [Worker-153] INFO  o.e.m.c.i.embedder.EclipseLogger - Using 'UTF-8' encoding to copy filtered resources.
2018-12-08 20:52:14,643 [Worker-153] INFO  o.e.m.c.i.embedder.EclipseLogger - skip non existing resourceDirectory C:\Users\Kamilka\Desktop\DistributedSystemProject\DSProject\dsProject\rest\src\test\resources
2018-12-08 20:52:40,576 [Worker-140] INFO  o.e.m.c.i.embedder.EclipseLogger - Using 'UTF-8' encoding to copy filtered resources.
2018-12-08 20:52:40,576 [Worker-140] INFO  o.e.m.c.i.embedder.EclipseLogger - Copying 0 resource
2018-12-08 20:52:40,578 [Worker-140] INFO  o.e.m.c.i.embedder.EclipseLogger - Using 'UTF-8' encoding to copy filtered resources.
2018-12-08 20:52:40,580 [Worker-140] INFO  o.e.m.c.i.embedder.EclipseLogger - skip non existing resourceDirectory C:\Users\Kamilka\Year4\dsLabs\REST_Lab\src\test\resources
2018-12-08 20:53:10,334 [Worker-163] INFO  o.e.m.c.i.embedder.EclipseLogger - Using 'UTF-8' encoding to copy filtered resources.
2018-12-08 20:53:10,335 [Worker-163] INFO  o.e.m.c.i.embedder.EclipseLogger - Copying 0 resource
2018-12-08 20:53:10,337 [Worker-163] INFO  o.e.m.c.i.embedder.EclipseLogger - Using 'UTF-8' encoding to copy filtered resources.
2018-12-08 20:53:10,341 [Worker-163] INFO  o.e.m.c.i.embedder.EclipseLogger - skip non existing resourceDirectory C:\Users\Kamilka\Desktop\DistributedSystemProject\DSProject\dsProject\rest\src\test\resources
2018-12-08 20:55:23,670 [Worker-162] INFO  o.e.m.c.i.embedder.EclipseLogger - Using 'UTF-8' encoding to copy filtered resources.
2018-12-08 20:55:23,671 [Worker-162] INFO  o.e.m.c.i.embedder.EclipseLogger - Copying 0 resource
2018-12-08 20:55:23,674 [Worker-162] INFO  o.e.m.c.i.embedder.EclipseLogger - Using 'UTF-8' encoding to copy filtered resources.
2018-12-08 20:55:23,677 [Worker-162] INFO  o.e.m.c.i.embedder.EclipseLogger - skip non existing resourceDirectory C:\Users\Kamilka\Desktop\DistributedSystemProject\DSProject\dsProject\rest\src\test\resources
2018-12-08 20:55:49,021 [Worker-163] INFO  o.e.m.c.i.embedder.EclipseLogger - Using 'UTF-8' encoding to copy filtered resources.
2018-12-08 20:55:49,021 [Worker-163] INFO  o.e.m.c.i.embedder.EclipseLogger - Copying 0 resource
2018-12-08 20:55:49,024 [Worker-163] INFO  o.e.m.c.i.embedder.EclipseLogger - Using 'UTF-8' encoding to copy filtered resources.
2018-12-08 20:55:49,027 [Worker-163] INFO  o.e.m.c.i.embedder.EclipseLogger - skip non existing resourceDirectory C:\Users\Kamilka\Desktop\DistributedSystemProject\DSProject\dsProject\rest\src\test\resources
2018-12-08 20:56:05,840 [Worker-162] INFO  o.e.m.c.i.embedder.EclipseLogger - Using 'UTF-8' encoding to copy filtered resources.
2018-12-08 20:56:05,842 [Worker-162] INFO  o.e.m.c.i.embedder.EclipseLogger - Copying 0 resource
2018-12-08 20:56:05,847 [Worker-162] INFO  o.e.m.c.i.embedder.EclipseLogger - Using 'UTF-8' encoding to copy filtered resources.
2018-12-08 20:56:05,850 [Worker-162] INFO  o.e.m.c.i.embedder.EclipseLogger - skip non existing resourceDirectory C:\Users\Kamilka\Desktop\DistributedSystemProject\DSProject\dsProject\rest\src\test\resources
2018-12-08 20:58:02,052 [Worker-140] INFO  o.e.m.c.i.embedder.EclipseLogger - Using 'UTF-8' encoding to copy filtered resources.
2018-12-08 20:58:02,053 [Worker-140] INFO  o.e.m.c.i.embedder.EclipseLogger - Copying 0 resource
2018-12-08 20:58:02,062 [Worker-140] INFO  o.e.m.c.i.embedder.EclipseLogger - Using 'UTF-8' encoding to copy filtered resources.
2018-12-08 20:58:02,066 [Worker-140] INFO  o.e.m.c.i.embedder.EclipseLogger - skip non existing resourceDirectory C:\Users\Kamilka\Desktop\DistributedSystemProject\DSProject\dsProject\rest\src\test\resources
2018-12-08 20:58:19,830 [Worker-140] INFO  o.e.m.c.i.embedder.EclipseLogger - Using 'UTF-8' encoding to copy filtered resources.
2018-12-08 20:58:19,832 [Worker-140] INFO  o.e.m.c.i.embedder.EclipseLogger - Copying 0 resource
2018-12-08 20:58:19,835 [Worker-140] INFO  o.e.m.c.i.embedder.EclipseLogger - Using 'UTF-8' encoding to copy filtered resources.
2018-12-08 20:58:19,839 [Worker-140] INFO  o.e.m.c.i.embedder.EclipseLogger - skip non existing resourceDirectory C:\Users\Kamilka\Desktop\DistributedSystemProject\DSProject\dsProject\rest\src\test\resources
2018-12-08 20:58:22,558 [Worker-157] INFO  o.e.m.c.i.embedder.EclipseLogger - Using 'UTF-8' encoding to copy filtered resources.
2018-12-08 20:58:22,558 [Worker-157] INFO  o.e.m.c.i.embedder.EclipseLogger - Copying 0 resource
2018-12-08 20:58:22,560 [Worker-157] INFO  o.e.m.c.i.embedder.EclipseLogger - Using 'UTF-8' encoding to copy filtered resources.
2018-12-08 20:58:22,561 [Worker-157] INFO  o.e.m.c.i.embedder.EclipseLogger - skip non existing resourceDirectory C:\Users\Kamilka\Desktop\DistributedSystemProject\DSProject\dsProject\rest\src\test\resources
2018-12-08 20:59:15,570 [Worker-160] INFO  o.e.m.c.i.embedder.EclipseLogger - Using 'UTF-8' encoding to copy filtered resources.
2018-12-08 20:59:15,571 [Worker-160] INFO  o.e.m.c.i.embedder.EclipseLogger - Copying 0 resource
2018-12-08 20:59:15,573 [Worker-160] INFO  o.e.m.c.i.embedder.EclipseLogger - Using 'UTF-8' encoding to copy filtered resources.
2018-12-08 20:59:15,574 [Worker-160] INFO  o.e.m.c.i.embedder.EclipseLogger - skip non existing resourceDirectory C:\Users\Kamilka\Desktop\DistributedSystemProject\DSProject\dsProject\rest\src\test\resources
2018-12-08 21:02:17,505 [Worker-153] INFO  o.e.m.c.i.embedder.EclipseLogger - Using 'UTF-8' encoding to copy filtered resources.
2018-12-08 21:02:17,505 [Worker-153] INFO  o.e.m.c.i.embedder.EclipseLogger - Copying 0 resource
2018-12-08 21:02:17,508 [Worker-153] INFO  o.e.m.c.i.embedder.EclipseLogger - Using 'UTF-8' encoding to copy filtered resources.
2018-12-08 21:02:17,510 [Worker-153] INFO  o.e.m.c.i.embedder.EclipseLogger - skip non existing resourceDirectory C:\Users\Kamilka\Year4\dsLabs\REST_Lab\src\test\resources
2018-12-08 21:07:39,405 [Worker-147] INFO  o.e.m.c.i.embedder.EclipseLogger - Using 'UTF-8' encoding to copy filtered resources.
2018-12-08 21:07:39,405 [Worker-147] INFO  o.e.m.c.i.embedder.EclipseLogger - Copying 0 resource
2018-12-08 21:07:39,408 [Worker-147] INFO  o.e.m.c.i.embedder.EclipseLogger - Using 'UTF-8' encoding to copy filtered resources.
2018-12-08 21:07:39,410 [Worker-147] INFO  o.e.m.c.i.embedder.EclipseLogger - skip non existing resourceDirectory C:\Users\Kamilka\Year4\dsLabs\REST_Lab\src\test\resources
2018-12-08 21:08:52,806 [Worker-158] INFO  o.e.m.c.i.embedder.EclipseLogger - Using 'UTF-8' encoding to copy filtered resources.
2018-12-08 21:08:52,807 [Worker-158] INFO  o.e.m.c.i.embedder.EclipseLogger - Copying 0 resource
2018-12-08 21:08:52,810 [Worker-158] INFO  o.e.m.c.i.embedder.EclipseLogger - Using 'UTF-8' encoding to copy filtered resources.
2018-12-08 21:08:52,811 [Worker-158] INFO  o.e.m.c.i.embedder.EclipseLogger - skip non existing resourceDirectory C:\Users\Kamilka\Desktop\DistributedSystemProject\DSProject\dsProject\rest\src\test\resources
2018-12-08 21:08:58,743 [Worker-160] INFO  o.e.m.c.i.embedder.EclipseLogger - Using 'UTF-8' encoding to copy filtered resources.
2018-12-08 21:08:58,743 [Worker-160] INFO  o.e.m.c.i.embedder.EclipseLogger - Copying 0 resource
2018-12-08 21:08:58,745 [Worker-160] INFO  o.e.m.c.i.embedder.EclipseLogger - Using 'UTF-8' encoding to copy filtered resources.
2018-12-08 21:08:58,747 [Worker-160] INFO  o.e.m.c.i.embedder.EclipseLogger - skip non existing resourceDirectory C:\Users\Kamilka\Desktop\DistributedSystemProject\DSProject\dsProject\rest\src\test\resources
2018-12-08 21:10:05,354 [Worker-160] INFO  o.e.m.c.i.embedder.EclipseLogger - Using 'UTF-8' encoding to copy filtered resources.
2018-12-08 21:10:05,355 [Worker-160] INFO  o.e.m.c.i.embedder.EclipseLogger - Copying 0 resource
2018-12-08 21:10:05,357 [Worker-160] INFO  o.e.m.c.i.embedder.EclipseLogger - Using 'UTF-8' encoding to copy filtered resources.
2018-12-08 21:10:05,358 [Worker-160] INFO  o.e.m.c.i.embedder.EclipseLogger - skip non existing resourceDirectory C:\Users\Kamilka\Desktop\DistributedSystemProject\DSProject\dsProject\rest\src\test\resources
2018-12-08 21:10:59,101 [Worker-140] INFO  o.e.m.c.i.embedder.EclipseLogger - Using 'UTF-8' encoding to copy filtered resources.
2018-12-08 21:10:59,101 [Worker-140] INFO  o.e.m.c.i.embedder.EclipseLogger - Copying 0 resource
2018-12-08 21:10:59,103 [Worker-140] INFO  o.e.m.c.i.embedder.EclipseLogger - Using 'UTF-8' encoding to copy filtered resources.
2018-12-08 21:10:59,104 [Worker-140] INFO  o.e.m.c.i.embedder.EclipseLogger - skip non existing resourceDirectory C:\Users\Kamilka\Desktop\DistributedSystemProject\DSProject\dsProject\rest\src\test\resources
2018-12-08 21:15:10,742 [Worker-162] INFO  o.e.m.c.i.embedder.EclipseLogger - Using 'UTF-8' encoding to copy filtered resources.
2018-12-08 21:15:10,742 [Worker-162] INFO  o.e.m.c.i.embedder.EclipseLogger - Copying 0 resource
2018-12-08 21:15:10,748 [Worker-162] INFO  o.e.m.c.i.embedder.EclipseLogger - Using 'UTF-8' encoding to copy filtered resources.
2018-12-08 21:15:10,751 [Worker-162] INFO  o.e.m.c.i.embedder.EclipseLogger - skip non existing resourceDirectory C:\Users\Kamilka\Desktop\DistributedSystemProject\DSProject\dsProject\rest\src\test\resources
2018-12-08 21:15:19,700 [Worker-162] INFO  o.e.m.c.i.embedder.EclipseLogger - Using 'UTF-8' encoding to copy filtered resources.
2018-12-08 21:15:19,700 [Worker-162] INFO  o.e.m.c.i.embedder.EclipseLogger - Copying 0 resource
2018-12-08 21:15:19,702 [Worker-162] INFO  o.e.m.c.i.embedder.EclipseLogger - Using 'UTF-8' encoding to copy filtered resources.
2018-12-08 21:15:19,704 [Worker-162] INFO  o.e.m.c.i.embedder.EclipseLogger - skip non existing resourceDirectory C:\Users\Kamilka\Desktop\DistributedSystemProject\DSProject\dsProject\rest\src\test\resources
2018-12-08 21:15:49,364 [Worker-140] INFO  o.e.m.c.i.embedder.EclipseLogger - Using 'UTF-8' encoding to copy filtered resources.
2018-12-08 21:15:49,365 [Worker-140] INFO  o.e.m.c.i.embedder.EclipseLogger - Copying 0 resource
2018-12-08 21:15:49,368 [Worker-140] INFO  o.e.m.c.i.embedder.EclipseLogger - Using 'UTF-8' encoding to copy filtered resources.
2018-12-08 21:15:49,372 [Worker-140] INFO  o.e.m.c.i.embedder.EclipseLogger - skip non existing resourceDirectory C:\Users\Kamilka\Desktop\DistributedSystemProject\DSProject\dsProject\rest\src\test\resources
2018-12-08 21:16:03,342 [Worker-160] INFO  o.e.m.c.i.embedder.EclipseLogger - Using 'UTF-8' encoding to copy filtered resources.
2018-12-08 21:16:03,343 [Worker-160] INFO  o.e.m.c.i.embedder.EclipseLogger - Copying 0 resource
2018-12-08 21:16:03,345 [Worker-160] INFO  o.e.m.c.i.embedder.EclipseLogger - Using 'UTF-8' encoding to copy filtered resources.
2018-12-08 21:16:03,350 [Worker-160] INFO  o.e.m.c.i.embedder.EclipseLogger - skip non existing resourceDirectory C:\Users\Kamilka\Desktop\DistributedSystemProject\DSProject\dsProject\rest\src\test\resources
2018-12-08 21:27:09,758 [Worker-153] INFO  o.e.m.c.i.embedder.EclipseLogger - Using 'UTF-8' encoding to copy filtered resources.
2018-12-08 21:27:09,759 [Worker-153] INFO  o.e.m.c.i.embedder.EclipseLogger - Copying 0 resource
2018-12-08 21:27:09,761 [Worker-153] INFO  o.e.m.c.i.embedder.EclipseLogger - Using 'UTF-8' encoding to copy filtered resources.
2018-12-08 21:27:09,762 [Worker-153] INFO  o.e.m.c.i.embedder.EclipseLogger - skip non existing resourceDirectory C:\Users\Kamilka\Desktop\DistributedSystemProject\DSProject\dsProject\rest\src\test\resources
2018-12-08 21:27:25,511 [Worker-165] INFO  o.e.m.c.i.embedder.EclipseLogger - Using 'UTF-8' encoding to copy filtered resources.
2018-12-08 21:27:25,512 [Worker-165] INFO  o.e.m.c.i.embedder.EclipseLogger - Copying 0 resource
2018-12-08 21:27:25,519 [Worker-165] INFO  o.e.m.c.i.embedder.EclipseLogger - Using 'UTF-8' encoding to copy filtered resources.
2018-12-08 21:27:25,522 [Worker-165] INFO  o.e.m.c.i.embedder.EclipseLogger - skip non existing resourceDirectory C:\Users\Kamilka\Desktop\DistributedSystemProject\DSProject\dsProject\rest\src\test\resources
2018-12-08 21:27:34,156 [Worker-162] INFO  o.e.m.c.i.embedder.EclipseLogger - Using 'UTF-8' encoding to copy filtered resources.
2018-12-08 21:27:34,157 [Worker-162] INFO  o.e.m.c.i.embedder.EclipseLogger - Copying 0 resource
2018-12-08 21:27:34,159 [Worker-162] INFO  o.e.m.c.i.embedder.EclipseLogger - Using 'UTF-8' encoding to copy filtered resources.
2018-12-08 21:27:34,159 [Worker-162] INFO  o.e.m.c.i.embedder.EclipseLogger - skip non existing resourceDirectory C:\Users\Kamilka\Desktop\DistributedSystemProject\DSProject\dsProject\rest\src\test\resources
2018-12-08 21:27:41,545 [Worker-160] INFO  o.e.m.c.i.embedder.EclipseLogger - Using 'UTF-8' encoding to copy filtered resources.
2018-12-08 21:27:41,545 [Worker-160] INFO  o.e.m.c.i.embedder.EclipseLogger - Copying 0 resource
2018-12-08 21:27:41,548 [Worker-160] INFO  o.e.m.c.i.embedder.EclipseLogger - Using 'UTF-8' encoding to copy filtered resources.
2018-12-08 21:27:41,549 [Worker-160] INFO  o.e.m.c.i.embedder.EclipseLogger - skip non existing resourceDirectory C:\Users\Kamilka\Desktop\DistributedSystemProject\DSProject\dsProject\rest\src\test\resources
2018-12-08 21:29:34,986 [Worker-165] INFO  o.e.m.c.i.embedder.EclipseLogger - Using 'UTF-8' encoding to copy filtered resources.
2018-12-08 21:29:34,987 [Worker-165] INFO  o.e.m.c.i.embedder.EclipseLogger - Copying 0 resource
2018-12-08 21:29:34,990 [Worker-165] INFO  o.e.m.c.i.embedder.EclipseLogger - Using 'UTF-8' encoding to copy filtered resources.
2018-12-08 21:29:34,992 [Worker-165] INFO  o.e.m.c.i.embedder.EclipseLogger - skip non existing resourceDirectory C:\Users\Kamilka\Desktop\DistributedSystemProject\DSProject\dsProject\rest\src\test\resources
2018-12-08 21:48:41,695 [Worker-164] INFO  o.e.m.c.i.embedder.EclipseLogger - Using 'UTF-8' encoding to copy filtered resources.
2018-12-08 21:48:41,696 [Worker-164] INFO  o.e.m.c.i.embedder.EclipseLogger - Copying 0 resource
2018-12-08 21:48:41,698 [Worker-164] INFO  o.e.m.c.i.embedder.EclipseLogger - Using 'UTF-8' encoding to copy filtered resources.
2018-12-08 21:48:41,699 [Worker-164] INFO  o.e.m.c.i.embedder.EclipseLogger - skip non existing resourceDirectory C:\Users\Kamilka\Desktop\DistributedSystemProject\DSProject\dsProject\rest\src\test\resources
2018-12-08 21:49:07,475 [Worker-163] INFO  o.e.m.c.i.embedder.EclipseLogger - Using 'UTF-8' encoding to copy filtered resources.
2018-12-08 21:49:07,477 [Worker-163] INFO  o.e.m.c.i.embedder.EclipseLogger - Copying 0 resource
2018-12-08 21:49:07,480 [Worker-163] INFO  o.e.m.c.i.embedder.EclipseLogger - Using 'UTF-8' encoding to copy filtered resources.
2018-12-08 21:49:07,482 [Worker-163] INFO  o.e.m.c.i.embedder.EclipseLogger - skip non existing resourceDirectory C:\Users\Kamilka\Desktop\DistributedSystemProject\DSProject\dsProject\rest\src\test\resources
2018-12-08 21:49:18,907 [Worker-153] INFO  o.e.m.c.i.embedder.EclipseLogger - Using 'UTF-8' encoding to copy filtered resources.
2018-12-08 21:49:18,907 [Worker-153] INFO  o.e.m.c.i.embedder.EclipseLogger - Copying 0 resource
2018-12-08 21:49:18,909 [Worker-153] INFO  o.e.m.c.i.embedder.EclipseLogger - Using 'UTF-8' encoding to copy filtered resources.
2018-12-08 21:49:18,910 [Worker-153] INFO  o.e.m.c.i.embedder.EclipseLogger - skip non existing resourceDirectory C:\Users\Kamilka\Desktop\DistributedSystemProject\DSProject\dsProject\rest\src\test\resources
2018-12-08 21:49:29,666 [Worker-166] INFO  o.e.m.c.i.embedder.EclipseLogger - Using 'UTF-8' encoding to copy filtered resources.
2018-12-08 21:49:29,666 [Worker-166] INFO  o.e.m.c.i.embedder.EclipseLogger - Copying 0 resource
2018-12-08 21:49:29,671 [Worker-166] INFO  o.e.m.c.i.embedder.EclipseLogger - Using 'UTF-8' encoding to copy filtered resources.
2018-12-08 21:49:29,673 [Worker-166] INFO  o.e.m.c.i.embedder.EclipseLogger - skip non existing resourceDirectory C:\Users\Kamilka\Desktop\DistributedSystemProject\DSProject\dsProject\rest\src\test\resources
2018-12-08 21:49:57,665 [Worker-153] INFO  o.e.m.c.i.embedder.EclipseLogger - Using 'UTF-8' encoding to copy filtered resources.
2018-12-08 21:49:57,667 [Worker-153] INFO  o.e.m.c.i.embedder.EclipseLogger - Copying 0 resource
2018-12-08 21:49:57,670 [Worker-153] INFO  o.e.m.c.i.embedder.EclipseLogger - Using 'UTF-8' encoding to copy filtered resources.
2018-12-08 21:49:57,672 [Worker-153] INFO  o.e.m.c.i.embedder.EclipseLogger - skip non existing resourceDirectory C:\Users\Kamilka\Desktop\DistributedSystemProject\DSProject\dsProject\rest\src\test\resources
2018-12-08 21:51:22,559 [Worker-162] INFO  o.e.m.c.i.embedder.EclipseLogger - Using 'UTF-8' encoding to copy filtered resources.
2018-12-08 21:51:22,561 [Worker-162] INFO  o.e.m.c.i.embedder.EclipseLogger - Copying 0 resource
2018-12-08 21:51:22,565 [Worker-162] INFO  o.e.m.c.i.embedder.EclipseLogger - Using 'UTF-8' encoding to copy filtered resources.
2018-12-08 21:51:22,567 [Worker-162] INFO  o.e.m.c.i.embedder.EclipseLogger - skip non existing resourceDirectory C:\Users\Kamilka\Desktop\DistributedSystemProject\DSProject\dsProject\rest\src\test\resources
2018-12-08 21:51:34,437 [Worker-153] INFO  o.e.m.c.i.embedder.EclipseLogger - Using 'UTF-8' encoding to copy filtered resources.
2018-12-08 21:51:34,438 [Worker-153] INFO  o.e.m.c.i.embedder.EclipseLogger - Copying 0 resource
2018-12-08 21:51:34,440 [Worker-153] INFO  o.e.m.c.i.embedder.EclipseLogger - Using 'UTF-8' encoding to copy filtered resources.
2018-12-08 21:51:34,442 [Worker-153] INFO  o.e.m.c.i.embedder.EclipseLogger - skip non existing resourceDirectory C:\Users\Kamilka\Desktop\DistributedSystemProject\DSProject\dsProject\rest\src\test\resources
2018-12-08 21:51:41,826 [Worker-153] INFO  o.e.m.c.i.embedder.EclipseLogger - Using 'UTF-8' encoding to copy filtered resources.
2018-12-08 21:51:41,826 [Worker-153] INFO  o.e.m.c.i.embedder.EclipseLogger - Copying 0 resource
2018-12-08 21:51:41,834 [Worker-153] INFO  o.e.m.c.i.embedder.EclipseLogger - Using 'UTF-8' encoding to copy filtered resources.
2018-12-08 21:51:41,839 [Worker-153] INFO  o.e.m.c.i.embedder.EclipseLogger - skip non existing resourceDirectory C:\Users\Kamilka\Desktop\DistributedSystemProject\DSProject\dsProject\rest\src\test\resources
2018-12-08 21:52:33,263 [Worker-158] INFO  o.e.m.c.i.embedder.EclipseLogger - Using 'UTF-8' encoding to copy filtered resources.
2018-12-08 21:52:33,264 [Worker-158] INFO  o.e.m.c.i.embedder.EclipseLogger - Copying 0 resource
2018-12-08 21:52:33,268 [Worker-158] INFO  o.e.m.c.i.embedder.EclipseLogger - Using 'UTF-8' encoding to copy filtered resources.
2018-12-08 21:52:33,271 [Worker-158] INFO  o.e.m.c.i.embedder.EclipseLogger - skip non existing resourceDirectory C:\Users\Kamilka\Desktop\DistributedSystemProject\DSProject\dsProject\rest\src\test\resources
2018-12-08 21:56:10,580 [Worker-165] INFO  o.e.m.c.i.embedder.EclipseLogger - Using 'UTF-8' encoding to copy filtered resources.
2018-12-08 21:56:10,581 [Worker-165] INFO  o.e.m.c.i.embedder.EclipseLogger - Copying 0 resource
2018-12-08 21:56:10,583 [Worker-165] INFO  o.e.m.c.i.embedder.EclipseLogger - Using 'UTF-8' encoding to copy filtered resources.
2018-12-08 21:56:10,584 [Worker-165] INFO  o.e.m.c.i.embedder.EclipseLogger - skip non existing resourceDirectory C:\Users\Kamilka\Desktop\DistributedSystemProject\DSProject\dsProject\rest\src\test\resources
2018-12-08 21:56:14,972 [Worker-162] INFO  o.e.m.c.i.embedder.EclipseLogger - Using 'UTF-8' encoding to copy filtered resources.
2018-12-08 21:56:14,973 [Worker-162] INFO  o.e.m.c.i.embedder.EclipseLogger - Copying 0 resource
2018-12-08 21:56:14,976 [Worker-162] INFO  o.e.m.c.i.embedder.EclipseLogger - Using 'UTF-8' encoding to copy filtered resources.
2018-12-08 21:56:14,977 [Worker-162] INFO  o.e.m.c.i.embedder.EclipseLogger - skip non existing resourceDirectory C:\Users\Kamilka\Desktop\DistributedSystemProject\DSProject\dsProject\rest\src\test\resources
2018-12-08 21:56:53,440 [Worker-162] INFO  o.e.m.c.i.embedder.EclipseLogger - Using 'UTF-8' encoding to copy filtered resources.
2018-12-08 21:56:53,441 [Worker-162] INFO  o.e.m.c.i.embedder.EclipseLogger - Copying 0 resource
2018-12-08 21:56:53,444 [Worker-162] INFO  o.e.m.c.i.embedder.EclipseLogger - Using 'UTF-8' encoding to copy filtered resources.
2018-12-08 21:56:53,446 [Worker-162] INFO  o.e.m.c.i.embedder.EclipseLogger - skip non existing resourceDirectory C:\Users\Kamilka\Desktop\DistributedSystemProject\DSProject\dsProject\rest\src\test\resources
2018-12-08 21:57:02,018 [Worker-162] INFO  o.e.m.c.i.embedder.EclipseLogger - Using 'UTF-8' encoding to copy filtered resources.
2018-12-08 21:57:02,019 [Worker-162] INFO  o.e.m.c.i.embedder.EclipseLogger - Copying 0 resource
2018-12-08 21:57:02,022 [Worker-162] INFO  o.e.m.c.i.embedder.EclipseLogger - Using 'UTF-8' encoding to copy filtered resources.
2018-12-08 21:57:02,024 [Worker-162] INFO  o.e.m.c.i.embedder.EclipseLogger - skip non existing resourceDirectory C:\Users\Kamilka\Desktop\DistributedSystemProject\DSProject\dsProject\rest\src\test\resources
2018-12-08 22:17:23,823 [Worker-166] INFO  o.e.m.c.i.embedder.EclipseLogger - Using 'UTF-8' encoding to copy filtered resources.
2018-12-08 22:17:23,825 [Worker-166] INFO  o.e.m.c.i.embedder.EclipseLogger - Copying 0 resource
2018-12-08 22:17:23,836 [Worker-166] INFO  o.e.m.c.i.embedder.EclipseLogger - Using 'UTF-8' encoding to copy filtered resources.
2018-12-08 22:17:23,849 [Worker-166] INFO  o.e.m.c.i.embedder.EclipseLogger - skip non existing resourceDirectory C:\Users\Kamilka\Desktop\DistributedSystemProject\DSProject\dsProject\rest\src\test\resources
2018-12-09 14:16:13,230 [Worker-2] INFO  c.g.t.t.d.PublishedGradleVersions - Gradle version information cache is up-to-date. Trying to read.
2018-12-09 14:16:31,330 [Worker-3] INFO  o.e.m.c.i.l.LifecycleMappingFactory - Using org.maven.ide.eclipse.wtp.WarLifecycleMapping lifecycle mapping for MavenProject: ie.gmit.sw:REST_Lab:0.0.1-SNAPSHOT @ C:\Users\Kamilka\Year4\dsLabs\REST_Lab\pom.xml.
2018-12-09 14:16:32,763 [Worker-1] INFO  o.e.m.c.i.l.LifecycleMappingFactory - Using org.maven.ide.eclipse.wtp.WarLifecycleMapping lifecycle mapping for MavenProject: ie.gmit.sw:REST_Lab:0.0.1-SNAPSHOT @ C:\Users\Kamilka\Year4\dsLabs\REST_Lab\pom.xml.
2018-12-09 14:16:38,567 [Worker-1] INFO  o.e.m.c.i.embedder.EclipseLogger - Using 'UTF-8' encoding to copy filtered resources.
2018-12-09 14:16:38,574 [Worker-1] INFO  o.e.m.c.i.embedder.EclipseLogger - Copying 0 resource
2018-12-09 14:16:38,795 [Worker-1] INFO  o.e.m.c.i.embedder.EclipseLogger - Using 'UTF-8' encoding to copy filtered resources.
2018-12-09 14:16:38,795 [Worker-1] INFO  o.e.m.c.i.embedder.EclipseLogger - skip non existing resourceDirectory C:\Users\Kamilka\Year4\dsLabs\REST_Lab\src\test\resources
2018-12-09 14:16:38,817 [Worker-7] INFO  o.e.m.c.i.l.LifecycleMappingFactory - Using org.maven.ide.eclipse.wtp.WarLifecycleMapping lifecycle mapping for MavenProject: ie.gmit.sw:REST_Lab:0.0.1-SNAPSHOT @ C:\Users\Kamilka\Year4\dsLabs\REST_Lab\pom.xml.
2018-12-09 14:16:39,607 [Worker-7] INFO  o.e.m.c.i.l.LifecycleMappingFactory - Using org.maven.ide.eclipse.wtp.WarLifecycleMapping lifecycle mapping for MavenProject: ie.gmit.ds:rest:0.0.1-SNAPSHOT @ E:\Year4\DSProject\dsProject\rest\pom.xml.
2018-12-09 14:16:43,199 [Worker-15] INFO  o.e.m.c.i.embedder.EclipseLogger - Using 'UTF-8' encoding to copy filtered resources.
2018-12-09 14:16:43,202 [Worker-15] INFO  o.e.m.c.i.embedder.EclipseLogger - Copying 0 resource
2018-12-09 14:16:43,204 [Worker-15] INFO  o.e.m.c.i.embedder.EclipseLogger - Using 'UTF-8' encoding to copy filtered resources.
2018-12-09 14:16:43,204 [Worker-15] INFO  o.e.m.c.i.embedder.EclipseLogger - skip non existing resourceDirectory C:\Users\Kamilka\Year4\dsLabs\REST_Lab\src\test\resources
2018-12-09 14:16:44,866 [Worker-15] INFO  o.e.m.c.i.embedder.EclipseLogger - Using 'UTF-8' encoding to copy filtered resources.
2018-12-09 14:16:44,867 [Worker-15] INFO  o.e.m.c.i.embedder.EclipseLogger - Copying 0 resource
2018-12-09 14:16:44,868 [Worker-15] INFO  o.e.m.c.i.embedder.EclipseLogger - Using 'UTF-8' encoding to copy filtered resources.
2018-12-09 14:16:44,869 [Worker-15] INFO  o.e.m.c.i.embedder.EclipseLogger - skip non existing resourceDirectory E:\Year4\DSProject\dsProject\rest\src\test\resources
2018-12-09 14:23:29,966 [Worker-0] INFO  c.g.t.t.d.PublishedGradleVersions - Gradle version information cache is up-to-date. Trying to read.
2018-12-09 14:23:37,920 [Worker-10] INFO  o.e.m.c.i.l.LifecycleMappingFactory - Using org.maven.ide.eclipse.wtp.WarLifecycleMapping lifecycle mapping for MavenProject: ie.gmit.sw:REST_Lab:0.0.1-SNAPSHOT @ C:\Users\Kamilka\Year4\dsLabs\REST_Lab\pom.xml.
2018-12-09 14:23:42,508 [Worker-10] INFO  o.e.m.c.i.l.LifecycleMappingFactory - Using org.maven.ide.eclipse.wtp.WarLifecycleMapping lifecycle mapping for MavenProject: ie.gmit.ds:rest:0.0.1-SNAPSHOT @ C:\Users\Kamilka\Desktop\DistributedSystemProject\DSProject\dsProject\rest\pom.xml.
2018-12-09 14:23:47,364 [Worker-1] INFO  o.e.m.c.i.embedder.EclipseLogger - Using 'UTF-8' encoding to copy filtered resources.
2018-12-09 14:23:47,370 [Worker-1] INFO  o.e.m.c.i.embedder.EclipseLogger - Copying 0 resource
2018-12-09 14:23:47,373 [Worker-1] INFO  o.e.m.c.i.embedder.EclipseLogger - Using 'UTF-8' encoding to copy filtered resources.
2018-12-09 14:23:47,374 [Worker-1] INFO  o.e.m.c.i.embedder.EclipseLogger - skip non existing resourceDirectory C:\Users\Kamilka\Year4\dsLabs\REST_Lab\src\test\resources
2018-12-09 14:23:49,773 [Worker-1] INFO  o.e.m.c.i.embedder.EclipseLogger - Using 'UTF-8' encoding to copy filtered resources.
2018-12-09 14:23:49,774 [Worker-1] INFO  o.e.m.c.i.embedder.EclipseLogger - Copying 0 resource
2018-12-09 14:23:49,776 [Worker-1] INFO  o.e.m.c.i.embedder.EclipseLogger - Using 'UTF-8' encoding to copy filtered resources.
2018-12-09 14:23:49,776 [Worker-1] INFO  o.e.m.c.i.embedder.EclipseLogger - skip non existing resourceDirectory C:\Users\Kamilka\Desktop\DistributedSystemProject\DSProject\dsProject\rest\src\test\resources
2018-12-09 14:41:24,978 [Worker-28] INFO  o.e.m.c.i.embedder.EclipseLogger - Using 'UTF-8' encoding to copy filtered resources.
2018-12-09 14:41:24,980 [Worker-28] INFO  o.e.m.c.i.embedder.EclipseLogger - Copying 0 resource
2018-12-09 14:41:24,982 [Worker-28] INFO  o.e.m.c.i.embedder.EclipseLogger - Using 'UTF-8' encoding to copy filtered resources.
2018-12-09 14:41:24,982 [Worker-28] INFO  o.e.m.c.i.embedder.EclipseLogger - skip non existing resourceDirectory C:\Users\Kamilka\Year4\dsLabs\REST_Lab\src\test\resources
